[debug] [2022-08-06T17:38:33.918Z] ----------------------------------------------------------------------
[debug] [2022-08-06T17:38:33.920Z] Command:       /usr/bin/node /usr/bin/firebase init
[debug] [2022-08-06T17:38:33.921Z] CLI Version:   11.3.0
[debug] [2022-08-06T17:38:33.921Z] Platform:      linux
[debug] [2022-08-06T17:38:33.921Z] Node Version:  v16.16.0
[debug] [2022-08-06T17:38:33.921Z] Time:          Sat Aug 06 2022 23:08:33 GMT+0530 (India Standard Time)
[debug] [2022-08-06T17:38:33.922Z] ----------------------------------------------------------------------
[debug] 
[debug] [2022-08-06T17:38:33.928Z] > command requires scopes: ["email","openid","https://www.googleapis.com/auth/cloudplatformprojects.readonly","https://www.googleapis.com/auth/firebase","https://www.googleapis.com/auth/cloud-platform"]
[debug] [2022-08-06T17:38:33.929Z] > authorizing via signed-in user (aakashqueraly@gmail.com)
[info] 
     ######## #### ########  ######## ########     ###     ######  ########
     ##        ##  ##     ## ##       ##     ##  ##   ##  ##       ##
     ######    ##  ########  ######   ########  #########  ######  ######
     ##        ##  ##    ##  ##       ##     ## ##     ##       ## ##
     ##       #### ##     ## ######## ########  ##     ##  ######  ########

You're about to initialize a Firebase project in this directory:

  /home/akash/Work/first/admin-app

[info] 
=== Project Setup
[info] 
[info] First, let's associate this project directory with a Firebase project.
[info] You can create multiple project aliases by running firebase use --add, 
[info] but for now we'll just set up a default project.
[info] 
[debug] [2022-08-06T17:38:58.861Z] > refreshing access token with scopes: []
[debug] [2022-08-06T17:38:58.864Z] >>> [apiv2][query] POST https://www.googleapis.com/oauth2/v3/token [none]
[debug] [2022-08-06T17:38:58.864Z] >>> [apiv2][body] POST https://www.googleapis.com/oauth2/v3/token [omitted]
[debug] [2022-08-06T17:38:59.211Z] <<< [apiv2][status] POST https://www.googleapis.com/oauth2/v3/token 200
[debug] [2022-08-06T17:38:59.211Z] <<< [apiv2][body] POST https://www.googleapis.com/oauth2/v3/token [omitted]
[debug] [2022-08-06T17:38:59.315Z] >>> [apiv2][query] GET https://firebase.googleapis.com/v1beta1/projects pageSize=100
[debug] [2022-08-06T17:39:00.313Z] <<< [apiv2][status] GET https://firebase.googleapis.com/v1beta1/projects 200
[debug] [2022-08-06T17:39:00.313Z] <<< [apiv2][body] GET https://firebase.googleapis.com/v1beta1/projects [omitted]
